{
  "RSpec": {
    "coverage": {
      "/Users/travisjohnston/Desktop/a_cart_apart_rails/spec/models/food_cart_spec.rb": [
        1,
        null,
        1,
        2,
        2,
        2,
        2,
        2,
        2,
        2,
        2,
        2,
        2,
        2,
        null
      ],
      "/Users/travisjohnston/Desktop/a_cart_apart_rails/spec/rails_helper.rb": [
        1,
        1,
        null,
        1,
        1,
        1,
        1,
        1,
        1,
        null,
        1,
        null,
        1,
        1,
        null,
        1,
        1,
        1,
        null,
        1,
        1,
        null,
        null,
        1,
        13,
        13,
        null,
        null,
        null,
        1,
        null,
        1,
        null,
        null,
        null,
        1,
        1,
        1,
        1,
        null,
        null
      ],
      "/Users/travisjohnston/Desktop/a_cart_apart_rails/config/environment.rb": [
        null,
        1,
        null,
        null,
        1
      ],
      "/Users/travisjohnston/Desktop/a_cart_apart_rails/config/application.rb": [
        1,
        null,
        1,
        null,
        1,
        1,
        1,
        1,
        1,
        1,
        1,
        null,
        null,
        null,
        null,
        1,
        null,
        1,
        1,
        null,
        null,
        null,
        null,
        null,
        null,
        null,
        null,
        null,
        null,
        null,
        null,
        null,
        1,
        null,
        null
      ],
      "/Users/travisjohnston/Desktop/a_cart_apart_rails/config/boot.rb": [
        1,
        null,
        1
      ],
      "/Users/travisjohnston/Desktop/a_cart_apart_rails/config/environments/test.rb": [
        1,
        null,
        null,
        null,
        null,
        null,
        null,
        1,
        null,
        null,
        null,
        null,
        1,
        null,
        null,
        1,
        1,
        null,
        null,
        1,
        1,
        null,
        null,
        1,
        null,
        null,
        1,
        null,
        null,
        null,
        null,
        1,
        null,
        null,
        1,
        null,
        null,
        1,
        null,
        null,
        null,
        null
      ],
      "/Users/travisjohnston/Desktop/a_cart_apart_rails/config/initializers/assets.rb": [
        null,
        null,
        null,
        1,
        null,
        null,
        null,
        null,
        null,
        null,
        null
      ],
      "/Users/travisjohnston/Desktop/a_cart_apart_rails/config/initializers/backtrace_silencers.rb": [
        null,
        null,
        null,
        null,
        null,
        null,
        null
      ],
      "/Users/travisjohnston/Desktop/a_cart_apart_rails/config/initializers/cookies_serializer.rb": [
        null,
        null,
        1
      ],
      "/Users/travisjohnston/Desktop/a_cart_apart_rails/config/initializers/filter_parameter_logging.rb": [
        null,
        null,
        null,
        1
      ],
      "/Users/travisjohnston/Desktop/a_cart_apart_rails/config/initializers/inflections.rb": [
        null,
        null,
        null,
        null,
        null,
        null,
        null,
        null,
        null,
        null,
        null,
        null,
        null,
        null,
        null,
        null
      ],
      "/Users/travisjohnston/Desktop/a_cart_apart_rails/config/initializers/mime_types.rb": [
        null,
        null,
        null,
        null
      ],
      "/Users/travisjohnston/Desktop/a_cart_apart_rails/config/initializers/session_store.rb": [
        null,
        null,
        1
      ],
      "/Users/travisjohnston/Desktop/a_cart_apart_rails/config/initializers/wrap_parameters.rb": [
        null,
        null,
        null,
        null,
        null,
        null,
        1,
        1,
        null,
        null,
        null,
        null,
        null,
        null
      ],
      "/Users/travisjohnston/Desktop/a_cart_apart_rails/config/routes.rb": [
        1,
        null,
        null,
        null,
        null,
        null,
        null,
        null,
        null,
        null,
        null,
        null,
        null,
        null,
        null,
        null,
        null,
        null,
        null,
        null,
        null,
        null,
        null,
        null,
        null,
        null,
        null,
        null,
        null,
        null,
        null,
        null,
        null,
        null,
        null,
        null,
        null,
        null,
        null,
        null,
        null,
        null,
        null,
        null,
        null,
        null,
        null,
        null,
        null,
        null,
        null,
        null,
        null,
        null,
        null,
        null
      ],
      "/Users/travisjohnston/Desktop/a_cart_apart_rails/app/helpers/application_helper.rb": [
        1,
        null
      ],
      "/Users/travisjohnston/Desktop/a_cart_apart_rails/app/models/food_cart.rb": [
        1,
        1,
        1,
        1,
        1,
        1,
        1,
        1,
        1,
        1,
        1,
        null
      ],
      "/Users/travisjohnston/Desktop/a_cart_apart_rails/spec/models/review_spec.rb": [
        1,
        null,
        1,
        2,
        2,
        null
      ],
      "/Users/travisjohnston/Desktop/a_cart_apart_rails/app/models/review.rb": [
        1,
        1,
        1,
        null
      ]
    },
    "timestamp": 1446601088
  }
}
